<?xml version="1.0" encoding="UTF-8"?>
<!-- Generated by org.testng.reporters.JUnitReportReporter -->
<testsuite skipped="6" hostname="NAHESATS49MXFK3" name="testcases.GoogleMap_TestB" tests="6" failures="0" timestamp="13 Apr 2022 20:57:37 GMT" time="0.001" errors="0">
  <testcase name="move_mapPin_B" time="0.000" classname="testcases.GoogleMap_TestB">
    <skipped/>
  </testcase> <!-- move_mapPin_B -->
  <testcase name="move_mapPin_C2" time="0.001" classname="testcases.GoogleMap_TestB">
    <skipped/>
  </testcase> <!-- move_mapPin_C2 -->
  <testcase name="move_mapPin_C3" time="0.000" classname="testcases.GoogleMap_TestB">
    <skipped/>
  </testcase> <!-- move_mapPin_C3 -->
  <testcase name="move_mapPin_C" time="0.000" classname="testcases.GoogleMap_TestB">
    <skipped/>
  </testcase> <!-- move_mapPin_C -->
  <testcase name="move_mapPin_B_twice" time="0.000" classname="testcases.GoogleMap_TestB">
    <skipped/>
  </testcase> <!-- move_mapPin_B_twice -->
  <testcase name="move_mapPin_B_third" time="0.000" classname="testcases.GoogleMap_TestB">
    <skipped/>
  </testcase> <!-- move_mapPin_B_third -->
</testsuite> <!-- testcases.GoogleMap_TestB -->
